<?xml version="1.0" encoding="UTF-8"?>
<!-- Generated by org.testng.reporters.JUnitReportReporter -->
<testsuite hostname="LAPTOP-7UOI14JD" failures="0" tests="3" name="popItems.PopularItemsTest" time="82.710" errors="0" timestamp="2022-09-13T19:39:30 IST" skipped="0">
  <testcase classname="popItems.PopularItemsTest" name="laptoptest" time="28.711"/>
  <system-out/>
  <testcase classname="popItems.PopularItemsTest" name="spktest" time="27.149"/>
  <system-out/>
  <testcase classname="popItems.PopularItemsTest" name="tablettest" time="26.850"/>
  <system-out/>
</testsuite> <!-- popItems.PopularItemsTest -->
