<?xml version="1.0" encoding="UTF-8"?>
<!-- Generated by org.testng.reporters.JUnitReportReporter -->
<testsuite hostname="LAPTOP-7UOI14JD" failures="0" tests="1" name="g.seleniumprojectnew.AppTest" time="0.013" errors="0" timestamp="2022-09-06T19:27:34 IST" skipped="0">
  <testcase classname="g.seleniumprojectnew.AppTest" name="shouldAnswerWithTrue" time="0.013"/>
  <system-out/>
</testsuite> <!-- g.seleniumprojectnew.AppTest -->
